<!DOCTYPE html>

<html>
  <head>
  <meta charset='utf-8'>
  <title>TestNG reports</title>

    <link type="text/css" href="testng-reports1.css" rel="stylesheet" id="ultra" />
    <link type="text/css" href="testng-reports.css" rel="stylesheet" id="retro" disabled="false"/>
    <script type="text/javascript" src="jquery-3.6.0.min.js"></script>
    <script type="text/javascript" src="testng-reports.js"></script>
    <script type="text/javascript" src="https://www.google.com/jsapi"></script>
    <script type='text/javascript'>
      google.load('visualization', '1', {packages:['table']});
      google.setOnLoadCallback(drawTable);
      var suiteTableInitFunctions = new Array();
      var suiteTableData = new Array();
    </script>
    <!--
      <script type="text/javascript" src="jquery-ui/js/jquery-ui-1.8.16.custom.min.js"></script>
     -->
  </head>

  <body>    <div class="top-banner-root">
      <span class="top-banner-title-font">Test results</span>
      <button id="button" class="button">Switch Retro Theme</button> <!-- button -->
      <br/>
      <span class="top-banner-font-1">1 suite, 12 failed tests</span>
    </div> <!-- top-banner-root -->
    <div class="navigator-root">
      <div class="navigator-suite-header">
        <span>All suites</span>
        <a href="#" title="Collapse/expand all the suites" class="collapse-all-link">
          <img src="collapseall.gif" class="collapse-all-icon">
          </img> <!-- collapse-all-icon -->
        </a> <!-- collapse-all-link -->
      </div> <!-- navigator-suite-header -->
      <div class="suite">
        <div class="rounded-window">
          <div class="suite-header light-rounded-window-top">
            <a href="#" panel-name="suite-Surefire_suite" class="navigator-link">
              <span class="suite-name border-failed">Surefire suite</span>
            </a> <!-- navigator-link -->
          </div> <!-- suite-header light-rounded-window-top -->
          <div class="navigator-suite-content">
            <div class="suite-section-title">
              <span>Info</span>
            </div> <!-- suite-section-title -->
            <div class="suite-section-content">
              <ul>
                <li>
                  <a href="#" panel-name="test-xml-Surefire_suite" class="navigator-link ">
                    <span>[unset file name]</span>
                  </a> <!-- navigator-link  -->
                </li>
                <li>
                  <a href="#" panel-name="testlist-Surefire_suite" class="navigator-link ">
                    <span class="test-stats">1 test</span>
                  </a> <!-- navigator-link  -->
                </li>
                <li>
                  <a href="#" panel-name="group-Surefire_suite" class="navigator-link ">
                    <span>1 group</span>
                  </a> <!-- navigator-link  -->
                </li>
                <li>
                  <a href="#" panel-name="times-Surefire_suite" class="navigator-link ">
                    <span>Times</span>
                  </a> <!-- navigator-link  -->
                </li>
                <li>
                  <a href="#" panel-name="reporter-Surefire_suite" class="navigator-link ">
                    <span>Reporter output</span>
                  </a> <!-- navigator-link  -->
                </li>
                <li>
                  <a href="#" panel-name="ignored-methods-Surefire_suite" class="navigator-link ">
                    <span>Ignored methods</span>
                  </a> <!-- navigator-link  -->
                </li>
                <li>
                  <a href="#" panel-name="chronological-Surefire_suite" class="navigator-link ">
                    <span>Chronological view</span>
                  </a> <!-- navigator-link  -->
                </li>
              </ul>
            </div> <!-- suite-section-content -->
            <div class="result-section">
              <div class="suite-section-title">
                <span>Results</span>
              </div> <!-- suite-section-title -->
              <div class="suite-section-content">
                <ul>
                  <li>
                    <span class="method-stats">19 methods, 12 failed,   7 passed</span>
                  </li>
                  <li>
                    <span class="method-list-title failed">Failed methods</span>
                    <span class="show-or-hide-methods failed">
                      <a href="#" panel-name="suite-Surefire_suite" class="hide-methods failed suite-Surefire_suite"> (hide)</a> <!-- hide-methods failed suite-Surefire_suite -->
                      <a href="#" panel-name="suite-Surefire_suite" class="show-methods failed suite-Surefire_suite"> (show)</a> <!-- show-methods failed suite-Surefire_suite -->
                    </span>
                    <div class="method-list-content failed suite-Surefire_suite">
                      <span>
                        <img src="failed.png" width="3%"/>
                        <a href="#" panel-name="suite-Surefire_suite" title="org.example.Runners.testRunner" class="method navigator-link" hash-for-method="runScenario(&quot;Verify wishlist quantity after adding a product&quot;, &quot;F08_Wishlist | Users can add products to wishlis...)">runScenario("Verify wishlist quantity after adding a product", "F08_Wishlist | Users can add products to wishlis...)</a> <!-- method navigator-link -->
                      </span>
                      <br/>
                      <span>
                        <img src="failed.png" width="3%"/>
                        <a href="#" panel-name="suite-Surefire_suite" title="org.example.Runners.testRunner" class="method navigator-link" hash-for-method="runScenario(&quot;User success login&quot;, &quot;Login Feature&quot;)">runScenario("User success login", "Login Feature")</a> <!-- method navigator-link -->
                      </span>
                      <br/>
                      <span>
                        <img src="failed.png" width="3%"/>
                        <a href="#" panel-name="suite-Surefire_suite" title="org.example.Runners.testRunner" class="method navigator-link" hash-for-method="runScenario(&quot;User success login&quot;, &quot;Login Feature&quot;)">runScenario("User success login", "Login Feature")</a> <!-- method navigator-link -->
                      </span>
                      <br/>
                      <span>
                        <img src="failed.png" width="3%"/>
                        <a href="#" panel-name="suite-Surefire_suite" title="org.example.Runners.testRunner" class="method navigator-link" hash-for-method="runScenario(&quot;User could search using SKU&quot;, &quot;Search functionality on the website&quot;)">runScenario("User could search using SKU", "Search functionality on the website")</a> <!-- method navigator-link -->
                      </span>
                      <br/>
                      <span>
                        <img src="failed.png" width="3%"/>
                        <a href="#" panel-name="suite-Surefire_suite" title="org.example.Runners.testRunner" class="method navigator-link" hash-for-method="runScenario(&quot;Verify success message and green background color after adding to wishlist&quot;, &quot;F08_Wishlist | Users ...)">runScenario("Verify success message and green background color after adding to wishlist", "F08_Wishlist | Users ...)</a> <!-- method navigator-link -->
                      </span>
                      <br/>
                      <span>
                        <img src="failed.png" width="3%"/>
                        <a href="#" panel-name="suite-Surefire_suite" title="org.example.Runners.testRunner" class="method navigator-link" hash-for-method="runScenario(&quot;Success registration&quot;, &quot;Registration Feature users could register with new accounts&quot;)">runScenario("Success registration", "Registration Feature users could register with new accounts")</a> <!-- method navigator-link -->
                      </span>
                      <br/>
                      <span>
                        <img src="failed.png" width="3%"/>
                        <a href="#" panel-name="suite-Surefire_suite" title="org.example.Runners.testRunner" class="method navigator-link" hash-for-method="runScenario(&quot;Second slider is clickable on home page&quot;, &quot;Home Sliders&quot;)">runScenario("Second slider is clickable on home page", "Home Sliders")</a> <!-- method navigator-link -->
                      </span>
                      <br/>
                      <span>
                        <img src="failed.png" width="3%"/>
                        <a href="#" panel-name="suite-Surefire_suite" title="org.example.Runners.testRunner" class="method navigator-link" hash-for-method="runScenario(&quot;User could search using SKU&quot;, &quot;Search functionality on the website&quot;)">runScenario("User could search using SKU", "Search functionality on the website")</a> <!-- method navigator-link -->
                      </span>
                      <br/>
                      <span>
                        <img src="failed.png" width="3%"/>
                        <a href="#" panel-name="suite-Surefire_suite" title="org.example.Runners.testRunner" class="method navigator-link" hash-for-method="runScenario(&quot;User opens RSS link&quot;, &quot;F07_followUs | Users could open followUs links&quot;)">runScenario("User opens RSS link", "F07_followUs | Users could open followUs links")</a> <!-- method navigator-link -->
                      </span>
                      <br/>
                      <span>
                        <img src="failed.png" width="3%"/>
                        <a href="#" panel-name="suite-Surefire_suite" title="org.example.Runners.testRunner" class="method navigator-link" hash-for-method="runScenario(&quot;First slider is clickable on home page&quot;, &quot;Home Sliders&quot;)">runScenario("First slider is clickable on home page", "Home Sliders")</a> <!-- method navigator-link -->
                      </span>
                      <br/>
                      <span>
                        <img src="failed.png" width="3%"/>
                        <a href="#" panel-name="suite-Surefire_suite" title="org.example.Runners.testRunner" class="method navigator-link" hash-for-method="runScenario(&quot;Hover on a main category and select a sub-category&quot;, &quot;F05_hoverCategories | Hover on main category ...)">runScenario("Hover on a main category and select a sub-category", "F05_hoverCategories | Hover on main category ...)</a> <!-- method navigator-link -->
                      </span>
                      <br/>
                      <span>
                        <img src="failed.png" width="3%"/>
                        <a href="#" panel-name="suite-Surefire_suite" title="org.example.Runners.testRunner" class="method navigator-link" hash-for-method="runScenario(&quot;User could search using SKU&quot;, &quot;Search functionality on the website&quot;)">runScenario("User could search using SKU", "Search functionality on the website")</a> <!-- method navigator-link -->
                      </span>
                      <br/>
                    </div> <!-- method-list-content failed suite-Surefire_suite -->
                  </li>
                  <li>
                    <span class="method-list-title passed">Passed methods</span>
                    <span class="show-or-hide-methods passed">
                      <a href="#" panel-name="suite-Surefire_suite" class="hide-methods passed suite-Surefire_suite"> (hide)</a> <!-- hide-methods passed suite-Surefire_suite -->
                      <a href="#" panel-name="suite-Surefire_suite" class="show-methods passed suite-Surefire_suite"> (show)</a> <!-- show-methods passed suite-Surefire_suite -->
                    </span>
                    <div class="method-list-content passed suite-Surefire_suite">
                      <span>
                        <img src="passed.png" width="3%"/>
                        <a href="#" panel-name="suite-Surefire_suite" title="org.example.Runners.testRunner" class="method navigator-link" hash-for-method="runScenario(&quot;Verify that Euro currency is displayed on all products&quot;, &quot;F03_Currencies | users can change the cur...)">runScenario("Verify that Euro currency is displayed on all products", "F03_Currencies | users can change the cur...)</a> <!-- method navigator-link -->
                      </span>
                      <br/>
                      <span>
                        <img src="passed.png" width="3%"/>
                        <a href="#" panel-name="suite-Surefire_suite" title="org.example.Runners.testRunner" class="method navigator-link" hash-for-method="runScenario(&quot;User opens Facebook link&quot;, &quot;F07_followUs | Users could open followUs links&quot;)">runScenario("User opens Facebook link", "F07_followUs | Users could open followUs links")</a> <!-- method navigator-link -->
                      </span>
                      <br/>
                      <span>
                        <img src="passed.png" width="3%"/>
                        <a href="#" panel-name="suite-Surefire_suite" title="org.example.Runners.testRunner" class="method navigator-link" hash-for-method="runScenario(&quot;User opens YouTube link&quot;, &quot;F07_followUs | Users could open followUs links&quot;)">runScenario("User opens YouTube link", "F07_followUs | Users could open followUs links")</a> <!-- method navigator-link -->
                      </span>
                      <br/>
                      <span>
                        <img src="passed.png" width="3%"/>
                        <a href="#" panel-name="suite-Surefire_suite" title="org.example.Runners.testRunner" class="method navigator-link" hash-for-method="runScenario(&quot;User could search using product name&quot;, &quot;Search functionality on the website&quot;)">runScenario("User could search using product name", "Search functionality on the website")</a> <!-- method navigator-link -->
                      </span>
                      <br/>
                      <span>
                        <img src="passed.png" width="3%"/>
                        <a href="#" panel-name="suite-Surefire_suite" title="org.example.Runners.testRunner" class="method navigator-link" hash-for-method="runScenario(&quot;User opens Twitter link&quot;, &quot;F07_followUs | Users could open followUs links&quot;)">runScenario("User opens Twitter link", "F07_followUs | Users could open followUs links")</a> <!-- method navigator-link -->
                      </span>
                      <br/>
                      <span>
                        <img src="passed.png" width="3%"/>
                        <a href="#" panel-name="suite-Surefire_suite" title="org.example.Runners.testRunner" class="method navigator-link" hash-for-method="runScenario(&quot;User could search using product name&quot;, &quot;Search functionality on the website&quot;)">runScenario("User could search using product name", "Search functionality on the website")</a> <!-- method navigator-link -->
                      </span>
                      <br/>
                      <span>
                        <img src="passed.png" width="3%"/>
                        <a href="#" panel-name="suite-Surefire_suite" title="org.example.Runners.testRunner" class="method navigator-link" hash-for-method="runScenario(&quot;User could search using product name&quot;, &quot;Search functionality on the website&quot;)">runScenario("User could search using product name", "Search functionality on the website")</a> <!-- method navigator-link -->
                      </span>
                      <br/>
                    </div> <!-- method-list-content passed suite-Surefire_suite -->
                  </li>
                </ul>
              </div> <!-- suite-section-content -->
            </div> <!-- result-section -->
          </div> <!-- navigator-suite-content -->
        </div> <!-- rounded-window -->
      </div> <!-- suite -->
    </div> <!-- navigator-root -->
    <div class="wrapper">
      <div class="main-panel-root">
        <div panel-name="suite-Surefire_suite" class="panel Surefire_suite">
          <div class="suite-Surefire_suite-class-failed">
            <div class="main-panel-header rounded-window-top">
              <img src="failed.png"/>
              <span class="class-name">org.example.Runners.testRunner</span>
            </div> <!-- main-panel-header rounded-window-top -->
            <div class="main-panel-content rounded-window-bottom">
              <div class="method">
                <div class="method-content">
                  <a name="runScenario(&quot;Verify wishlist quantity after adding a product&quot;, &quot;F08_Wishlist | Users can add products to wishlis...)">
                  </a> <!-- runScenario("Verify wishlist quantity after adding a product", "F08_Wishlist | Users can add products to wishlis...) -->
                  <span class="method-name">runScenario</span>
                  <span class="parameters">("Verify wishlist quantity after adding a product","F08_Wishlist | Users can add products to wishlist")</span>
                  <div class="stack-trace">org.openqa.selenium.NoSuchElementException: no such element: Unable to locate element: {&quot;method&quot;:&quot;css selector&quot;,&quot;selector&quot;:&quot;div[class=&quot;bar-notification success&quot;]&quot;}
  (Session info: MicrosoftEdge=131.0.2903.86)
For documentation on this error, please visit: https://www.selenium.dev/documentation/webdriver/troubleshooting/errors#no-such-element-exception
Build info: version: &apos;4.25.0&apos;, revision: &apos;8a8aea2337&apos;
System info: os.name: &apos;Windows 11&apos;, os.arch: &apos;amd64&apos;, os.version: &apos;10.0&apos;, java.version: &apos;21.0.1&apos;
Driver info: org.openqa.selenium.edge.EdgeDriver
Command: [daaf3d05777efb4ebb5374c417242917, findElement {using=css selector, value=div[class=&quot;bar-notification success&quot;]}]
Capabilities {acceptInsecureCerts: false, browserName: MicrosoftEdge, browserVersion: 131.0.2903.86, fedcm:accounts: true, ms:edgeOptions: {debuggerAddress: localhost:52000}, msedge: {msedgedriverVersion: 130.0.2849.46 (bf1f0130f43a..., userDataDir: C:\Users\Lenovo\AppData\Loc...}, networkConnectionEnabled: false, pageLoadStrategy: normal, platformName: windows, proxy: Proxy(), se:cdp: ws://localhost:52000/devtoo..., se:cdpVersion: 131.0.2903.86, setWindowRect: true, strictFileInteractability: false, timeouts: {implicit: 0, pageLoad: 300000, script: 30000}, unhandledPromptBehavior: dismiss and notify, webauthn:extension:credBlob: true, webauthn:extension:largeBlob: true, webauthn:extension:minPinLength: true, webauthn:extension:prf: true, webauthn:virtualAuthenticators: true}
Session ID: daaf3d05777efb4ebb5374c417242917
	at org.openqa.selenium.remote.ErrorCodec.decode(ErrorCodec.java:167)
	at org.openqa.selenium.remote.codec.w3c.W3CHttpResponseCodec.decode(W3CHttpResponseCodec.java:138)
	at org.openqa.selenium.remote.codec.w3c.W3CHttpResponseCodec.decode(W3CHttpResponseCodec.java:50)
	at org.openqa.selenium.remote.HttpCommandExecutor.execute(HttpCommandExecutor.java:190)
	at org.openqa.selenium.remote.service.DriverCommandExecutor.invokeExecute(DriverCommandExecutor.java:216)
	at org.openqa.selenium.remote.service.DriverCommandExecutor.execute(DriverCommandExecutor.java:174)
	at org.openqa.selenium.remote.RemoteWebDriver.execute(RemoteWebDriver.java:545)
	at org.openqa.selenium.remote.ElementLocation$ElementFinder$2.findElement(ElementLocation.java:165)
	at org.openqa.selenium.remote.ElementLocation.findElement(ElementLocation.java:59)
	at org.openqa.selenium.remote.RemoteWebDriver.findElement(RemoteWebDriver.java:368)
	at org.openqa.selenium.remote.RemoteWebDriver.findElement(RemoteWebDriver.java:362)
	at org.example.StepDefinitions.D08_WishlistStepDef.success_message_disappears(D08_WishlistStepDef.java:70)
	at ✽.success message disappears(file:///E:/demonopcommerce/src/test/resources/Features/F08_Wishlist.feature:13)
... Removed 3 stack frames
</div> <!-- stack-trace -->
                  <em>
(Runs Cucumber Scenarios)                  </em>
                </div> <!-- method-content -->
              </div> <!-- method -->
              <div class="method">
                <div class="method-content">
                  <a name="runScenario(&quot;User success login&quot;, &quot;Login Feature&quot;)">
                  </a> <!-- runScenario("User success login", "Login Feature") -->
                  <span class="method-name">runScenario</span>
                  <span class="parameters">("User success login","Login Feature")</span>
                  <div class="stack-trace">org.openqa.selenium.NoSuchElementException: no such element: Unable to locate element: {&quot;method&quot;:&quot;css selector&quot;,&quot;selector&quot;:&quot;a[class=&quot;ico-account&quot;]&quot;}
  (Session info: MicrosoftEdge=131.0.2903.86)
For documentation on this error, please visit: https://www.selenium.dev/documentation/webdriver/troubleshooting/errors#no-such-element-exception
Build info: version: &apos;4.25.0&apos;, revision: &apos;8a8aea2337&apos;
System info: os.name: &apos;Windows 11&apos;, os.arch: &apos;amd64&apos;, os.version: &apos;10.0&apos;, java.version: &apos;21.0.1&apos;
Driver info: org.openqa.selenium.edge.EdgeDriver
Command: [224d23d6695c5805ee3923d3d029fa9b, findElement {using=css selector, value=a[class=&quot;ico-account&quot;]}]
Capabilities {acceptInsecureCerts: false, browserName: MicrosoftEdge, browserVersion: 131.0.2903.86, fedcm:accounts: true, ms:edgeOptions: {debuggerAddress: localhost:51485}, msedge: {msedgedriverVersion: 130.0.2849.46 (bf1f0130f43a..., userDataDir: C:\Users\Lenovo\AppData\Loc...}, networkConnectionEnabled: false, pageLoadStrategy: normal, platformName: windows, proxy: Proxy(), se:cdp: ws://localhost:51485/devtoo..., se:cdpVersion: 131.0.2903.86, setWindowRect: true, strictFileInteractability: false, timeouts: {implicit: 0, pageLoad: 300000, script: 30000}, unhandledPromptBehavior: dismiss and notify, webauthn:extension:credBlob: true, webauthn:extension:largeBlob: true, webauthn:extension:minPinLength: true, webauthn:extension:prf: true, webauthn:virtualAuthenticators: true}
Session ID: 224d23d6695c5805ee3923d3d029fa9b
	at org.openqa.selenium.remote.ErrorCodec.decode(ErrorCodec.java:167)
	at org.openqa.selenium.remote.codec.w3c.W3CHttpResponseCodec.decode(W3CHttpResponseCodec.java:138)
	at org.openqa.selenium.remote.codec.w3c.W3CHttpResponseCodec.decode(W3CHttpResponseCodec.java:50)
	at org.openqa.selenium.remote.HttpCommandExecutor.execute(HttpCommandExecutor.java:190)
	at org.openqa.selenium.remote.service.DriverCommandExecutor.invokeExecute(DriverCommandExecutor.java:216)
	at org.openqa.selenium.remote.service.DriverCommandExecutor.execute(DriverCommandExecutor.java:174)
	at org.openqa.selenium.remote.RemoteWebDriver.execute(RemoteWebDriver.java:545)
	at org.openqa.selenium.remote.ElementLocation$ElementFinder$2.findElement(ElementLocation.java:165)
	at org.openqa.selenium.remote.ElementLocation.findElement(ElementLocation.java:59)
	at org.openqa.selenium.remote.RemoteWebDriver.findElement(RemoteWebDriver.java:368)
	at org.openqa.selenium.remote.RemoteWebDriver.findElement(RemoteWebDriver.java:362)
	at org.example.Pages.P02_login.isAccTabEnabled(P02_login.java:45)
	at org.example.StepDefinitions.D02_loginStepDef.user_login_to_the_system(D02_loginStepDef.java:56)
	at ✽.user &quot;valid&quot; login to the system(file:///E:/demonopcommerce/src/test/resources/Features/F02_Login.feature:7)
... Removed 3 stack frames
</div> <!-- stack-trace -->
                  <em>
(Runs Cucumber Scenarios)                  </em>
                </div> <!-- method-content -->
              </div> <!-- method -->
              <div class="method">
                <div class="method-content">
                  <a name="runScenario(&quot;User success login&quot;, &quot;Login Feature&quot;)">
                  </a> <!-- runScenario("User success login", "Login Feature") -->
                  <span class="method-name">runScenario</span>
                  <span class="parameters">("User success login","Login Feature")</span>
                  <div class="stack-trace">org.openqa.selenium.NoSuchElementException: no such element: Unable to locate element: {&quot;method&quot;:&quot;css selector&quot;,&quot;selector&quot;:&quot;div[class=&quot;message-error validation-summary-errors&quot;]&quot;}
  (Session info: MicrosoftEdge=131.0.2903.86)
For documentation on this error, please visit: https://www.selenium.dev/documentation/webdriver/troubleshooting/errors#no-such-element-exception
Build info: version: &apos;4.25.0&apos;, revision: &apos;8a8aea2337&apos;
System info: os.name: &apos;Windows 11&apos;, os.arch: &apos;amd64&apos;, os.version: &apos;10.0&apos;, java.version: &apos;21.0.1&apos;
Driver info: org.openqa.selenium.edge.EdgeDriver
Command: [72223d7d2138f07a23df047a02029c95, findElement {using=css selector, value=div[class=&quot;message-error validation-summary-errors&quot;]}]
Capabilities {acceptInsecureCerts: false, browserName: MicrosoftEdge, browserVersion: 131.0.2903.86, fedcm:accounts: true, ms:edgeOptions: {debuggerAddress: localhost:51514}, msedge: {msedgedriverVersion: 130.0.2849.46 (bf1f0130f43a..., userDataDir: C:\Users\Lenovo\AppData\Loc...}, networkConnectionEnabled: false, pageLoadStrategy: normal, platformName: windows, proxy: Proxy(), se:cdp: ws://localhost:51514/devtoo..., se:cdpVersion: 131.0.2903.86, setWindowRect: true, strictFileInteractability: false, timeouts: {implicit: 0, pageLoad: 300000, script: 30000}, unhandledPromptBehavior: dismiss and notify, webauthn:extension:credBlob: true, webauthn:extension:largeBlob: true, webauthn:extension:minPinLength: true, webauthn:extension:prf: true, webauthn:virtualAuthenticators: true}
Session ID: 72223d7d2138f07a23df047a02029c95
	at org.openqa.selenium.remote.ErrorCodec.decode(ErrorCodec.java:167)
	at org.openqa.selenium.remote.codec.w3c.W3CHttpResponseCodec.decode(W3CHttpResponseCodec.java:138)
	at org.openqa.selenium.remote.codec.w3c.W3CHttpResponseCodec.decode(W3CHttpResponseCodec.java:50)
	at org.openqa.selenium.remote.HttpCommandExecutor.execute(HttpCommandExecutor.java:190)
	at org.openqa.selenium.remote.service.DriverCommandExecutor.invokeExecute(DriverCommandExecutor.java:216)
	at org.openqa.selenium.remote.service.DriverCommandExecutor.execute(DriverCommandExecutor.java:174)
	at org.openqa.selenium.remote.RemoteWebDriver.execute(RemoteWebDriver.java:545)
	at org.openqa.selenium.remote.ElementLocation$ElementFinder$2.findElement(ElementLocation.java:165)
	at org.openqa.selenium.remote.ElementLocation.findElement(ElementLocation.java:59)
	at org.openqa.selenium.remote.RemoteWebDriver.findElement(RemoteWebDriver.java:368)
	at org.openqa.selenium.remote.RemoteWebDriver.findElement(RemoteWebDriver.java:362)
	at org.example.Pages.P02_login.MSG(P02_login.java:52)
	at org.example.Pages.P02_login.isErrorMsgContains(P02_login.java:56)
	at org.example.StepDefinitions.D02_loginStepDef.user_login_to_the_system(D02_loginStepDef.java:58)
	at ✽.user &quot;invalid&quot; login to the system(file:///E:/demonopcommerce/src/test/resources/Features/F02_Login.feature:7)
... Removed 3 stack frames
</div> <!-- stack-trace -->
                  <em>
(Runs Cucumber Scenarios)                  </em>
                </div> <!-- method-content -->
              </div> <!-- method -->
              <div class="method">
                <div class="method-content">
                  <a name="runScenario(&quot;User could search using SKU&quot;, &quot;Search functionality on the website&quot;)">
                  </a> <!-- runScenario("User could search using SKU", "Search functionality on the website") -->
                  <span class="method-name">runScenario</span>
                  <span class="parameters">("User could search using SKU","Search functionality on the website")</span>
                  <div class="stack-trace">org.openqa.selenium.NoSuchElementException: no such element: Unable to locate element: {&quot;method&quot;:&quot;css selector&quot;,&quot;selector&quot;:&quot;div[class=&quot;product-item&quot;]&quot;}
  (Session info: MicrosoftEdge=131.0.2903.86)
For documentation on this error, please visit: https://www.selenium.dev/documentation/webdriver/troubleshooting/errors#no-such-element-exception
Build info: version: &apos;4.25.0&apos;, revision: &apos;8a8aea2337&apos;
System info: os.name: &apos;Windows 11&apos;, os.arch: &apos;amd64&apos;, os.version: &apos;10.0&apos;, java.version: &apos;21.0.1&apos;
Driver info: org.openqa.selenium.edge.EdgeDriver
Command: [9caca52cc626fe6318709bede4aaa47a, findElement {using=css selector, value=div[class=&quot;product-item&quot;]}]
Capabilities {acceptInsecureCerts: false, browserName: MicrosoftEdge, browserVersion: 131.0.2903.86, fedcm:accounts: true, ms:edgeOptions: {debuggerAddress: localhost:51710}, msedge: {msedgedriverVersion: 130.0.2849.46 (bf1f0130f43a..., userDataDir: C:\Users\Lenovo\AppData\Loc...}, networkConnectionEnabled: false, pageLoadStrategy: normal, platformName: windows, proxy: Proxy(), se:cdp: ws://localhost:51710/devtoo..., se:cdpVersion: 131.0.2903.86, setWindowRect: true, strictFileInteractability: false, timeouts: {implicit: 0, pageLoad: 300000, script: 30000}, unhandledPromptBehavior: dismiss and notify, webauthn:extension:credBlob: true, webauthn:extension:largeBlob: true, webauthn:extension:minPinLength: true, webauthn:extension:prf: true, webauthn:virtualAuthenticators: true}
Session ID: 9caca52cc626fe6318709bede4aaa47a
	at org.openqa.selenium.remote.ErrorCodec.decode(ErrorCodec.java:167)
	at org.openqa.selenium.remote.codec.w3c.W3CHttpResponseCodec.decode(W3CHttpResponseCodec.java:138)
	at org.openqa.selenium.remote.codec.w3c.W3CHttpResponseCodec.decode(W3CHttpResponseCodec.java:50)
	at org.openqa.selenium.remote.HttpCommandExecutor.execute(HttpCommandExecutor.java:190)
	at org.openqa.selenium.remote.service.DriverCommandExecutor.invokeExecute(DriverCommandExecutor.java:216)
	at org.openqa.selenium.remote.service.DriverCommandExecutor.execute(DriverCommandExecutor.java:174)
	at org.openqa.selenium.remote.RemoteWebDriver.execute(RemoteWebDriver.java:545)
	at org.openqa.selenium.remote.ElementLocation$ElementFinder$2.findElement(ElementLocation.java:165)
	at org.openqa.selenium.remote.ElementLocation.findElement(ElementLocation.java:59)
	at org.openqa.selenium.remote.RemoteWebDriver.findElement(RemoteWebDriver.java:368)
	at org.openqa.selenium.remote.RemoteWebDriver.findElement(RemoteWebDriver.java:362)
	at org.example.Pages.P03_homePage.clickOnFirstSearchResult(P03_homePage.java:78)
	at org.example.StepDefinitions.D04_searchStepDef.user_clicks_on_the_product_in_the_search_results(D04_searchStepDef.java:67)
	at ✽.user clicks on the product in the search results(file:///E:/demonopcommerce/src/test/resources/Features/F04_Search.feature:19)
... Removed 3 stack frames
</div> <!-- stack-trace -->
                  <em>
(Runs Cucumber Scenarios)                  </em>
                </div> <!-- method-content -->
              </div> <!-- method -->
              <div class="method">
                <div class="method-content">
                  <a name="runScenario(&quot;Verify success message and green background color after adding to wishlist&quot;, &quot;F08_Wishlist | Users ...)">
                  </a> <!-- runScenario("Verify success message and green background color after adding to wishlist", "F08_Wishlist | Users ...) -->
                  <span class="method-name">runScenario</span>
                  <span class="parameters">("Verify success message and green background color after adding to wishlist","F08_Wishlist | Users can add products to wishlist")</span>
                  <div class="stack-trace">org.openqa.selenium.NoSuchElementException: no such element: Unable to locate element: {&quot;method&quot;:&quot;css selector&quot;,&quot;selector&quot;:&quot;div[class=&quot;bar-notification success&quot;]&quot;}
  (Session info: MicrosoftEdge=131.0.2903.86)
For documentation on this error, please visit: https://www.selenium.dev/documentation/webdriver/troubleshooting/errors#no-such-element-exception
Build info: version: &apos;4.25.0&apos;, revision: &apos;8a8aea2337&apos;
System info: os.name: &apos;Windows 11&apos;, os.arch: &apos;amd64&apos;, os.version: &apos;10.0&apos;, java.version: &apos;21.0.1&apos;
Driver info: org.openqa.selenium.edge.EdgeDriver
Command: [ed925cf01d587fdea6b32190115b8b61, findElement {using=css selector, value=div[class=&quot;bar-notification success&quot;]}]
Capabilities {acceptInsecureCerts: false, browserName: MicrosoftEdge, browserVersion: 131.0.2903.86, fedcm:accounts: true, ms:edgeOptions: {debuggerAddress: localhost:51971}, msedge: {msedgedriverVersion: 130.0.2849.46 (bf1f0130f43a..., userDataDir: C:\Users\Lenovo\AppData\Loc...}, networkConnectionEnabled: false, pageLoadStrategy: normal, platformName: windows, proxy: Proxy(), se:cdp: ws://localhost:51971/devtoo..., se:cdpVersion: 131.0.2903.86, setWindowRect: true, strictFileInteractability: false, timeouts: {implicit: 0, pageLoad: 300000, script: 30000}, unhandledPromptBehavior: dismiss and notify, webauthn:extension:credBlob: true, webauthn:extension:largeBlob: true, webauthn:extension:minPinLength: true, webauthn:extension:prf: true, webauthn:virtualAuthenticators: true}
Session ID: ed925cf01d587fdea6b32190115b8b61
	at org.openqa.selenium.remote.ErrorCodec.decode(ErrorCodec.java:167)
	at org.openqa.selenium.remote.codec.w3c.W3CHttpResponseCodec.decode(W3CHttpResponseCodec.java:138)
	at org.openqa.selenium.remote.codec.w3c.W3CHttpResponseCodec.decode(W3CHttpResponseCodec.java:50)
	at org.openqa.selenium.remote.HttpCommandExecutor.execute(HttpCommandExecutor.java:190)
	at org.openqa.selenium.remote.service.DriverCommandExecutor.invokeExecute(DriverCommandExecutor.java:216)
	at org.openqa.selenium.remote.service.DriverCommandExecutor.execute(DriverCommandExecutor.java:174)
	at org.openqa.selenium.remote.RemoteWebDriver.execute(RemoteWebDriver.java:545)
	at org.openqa.selenium.remote.ElementLocation$ElementFinder$2.findElement(ElementLocation.java:165)
	at org.openqa.selenium.remote.ElementLocation.findElement(ElementLocation.java:59)
	at org.openqa.selenium.remote.RemoteWebDriver.findElement(RemoteWebDriver.java:368)
	at org.openqa.selenium.remote.RemoteWebDriver.findElement(RemoteWebDriver.java:362)
	at org.example.Pages.P03_homePage.showMsg(P03_homePage.java:201)
	at org.example.StepDefinitions.D08_WishlistStepDef.success_message_is_displayed(D08_WishlistStepDef.java:43)
	at ✽.success message &quot;The product has been added to your wishlist&quot; is displayed(file:///E:/demonopcommerce/src/test/resources/Features/F08_Wishlist.feature:7)
... Removed 3 stack frames
</div> <!-- stack-trace -->
                  <em>
(Runs Cucumber Scenarios)                  </em>
                </div> <!-- method-content -->
              </div> <!-- method -->
              <div class="method">
                <div class="method-content">
                  <a name="runScenario(&quot;Success registration&quot;, &quot;Registration Feature users could register with new accounts&quot;)">
                  </a> <!-- runScenario("Success registration", "Registration Feature users could register with new accounts") -->
                  <span class="method-name">runScenario</span>
                  <span class="parameters">("Success registration","Registration Feature users could register with new accounts")</span>
                  <div class="stack-trace">org.openqa.selenium.NoSuchElementException: no such element: Unable to locate element: {&quot;method&quot;:&quot;css selector&quot;,&quot;selector&quot;:&quot;.result&quot;}
  (Session info: MicrosoftEdge=131.0.2903.86)
For documentation on this error, please visit: https://www.selenium.dev/documentation/webdriver/troubleshooting/errors#no-such-element-exception
Build info: version: &apos;4.25.0&apos;, revision: &apos;8a8aea2337&apos;
System info: os.name: &apos;Windows 11&apos;, os.arch: &apos;amd64&apos;, os.version: &apos;10.0&apos;, java.version: &apos;21.0.1&apos;
Driver info: org.openqa.selenium.edge.EdgeDriver
Command: [fc166b21535a7ffd78855f941b0ba4da, findElement {using=class name, value=result}]
Capabilities {acceptInsecureCerts: false, browserName: MicrosoftEdge, browserVersion: 131.0.2903.86, fedcm:accounts: true, ms:edgeOptions: {debuggerAddress: localhost:51452}, msedge: {msedgedriverVersion: 130.0.2849.46 (bf1f0130f43a..., userDataDir: C:\Users\Lenovo\AppData\Loc...}, networkConnectionEnabled: false, pageLoadStrategy: normal, platformName: windows, proxy: Proxy(), se:cdp: ws://localhost:51452/devtoo..., se:cdpVersion: 131.0.2903.86, setWindowRect: true, strictFileInteractability: false, timeouts: {implicit: 0, pageLoad: 300000, script: 30000}, unhandledPromptBehavior: dismiss and notify, webauthn:extension:credBlob: true, webauthn:extension:largeBlob: true, webauthn:extension:minPinLength: true, webauthn:extension:prf: true, webauthn:virtualAuthenticators: true}
Session ID: fc166b21535a7ffd78855f941b0ba4da
	at org.openqa.selenium.remote.ErrorCodec.decode(ErrorCodec.java:167)
	at org.openqa.selenium.remote.codec.w3c.W3CHttpResponseCodec.decode(W3CHttpResponseCodec.java:138)
	at org.openqa.selenium.remote.codec.w3c.W3CHttpResponseCodec.decode(W3CHttpResponseCodec.java:50)
	at org.openqa.selenium.remote.HttpCommandExecutor.execute(HttpCommandExecutor.java:190)
	at org.openqa.selenium.remote.service.DriverCommandExecutor.invokeExecute(DriverCommandExecutor.java:216)
	at org.openqa.selenium.remote.service.DriverCommandExecutor.execute(DriverCommandExecutor.java:174)
	at org.openqa.selenium.remote.RemoteWebDriver.execute(RemoteWebDriver.java:545)
	at org.openqa.selenium.remote.ElementLocation$ElementFinder$2.findElement(ElementLocation.java:165)
	at org.openqa.selenium.remote.ElementLocation.findElement(ElementLocation.java:66)
	at org.openqa.selenium.remote.RemoteWebDriver.findElement(RemoteWebDriver.java:368)
	at org.openqa.selenium.remote.RemoteWebDriver.findElement(RemoteWebDriver.java:362)
	at org.example.Pages.P01_RegisterPage.getSuccessMessageText(P01_RegisterPage.java:94)
	at org.example.StepDefinitions.D01_Registration.success_message_is_displayed(D01_Registration.java:107)
	at ✽.success message is displayed(file:///E:/demonopcommerce/src/test/resources/Features/F01_Registration.feature:11)
... Removed 3 stack frames
</div> <!-- stack-trace -->
                  <em>
(Runs Cucumber Scenarios)                  </em>
                </div> <!-- method-content -->
              </div> <!-- method -->
              <div class="method">
                <div class="method-content">
                  <a name="runScenario(&quot;Second slider is clickable on home page&quot;, &quot;Home Sliders&quot;)">
                  </a> <!-- runScenario("Second slider is clickable on home page", "Home Sliders") -->
                  <span class="method-name">runScenario</span>
                  <span class="parameters">("Second slider is clickable on home page","Home Sliders")</span>
                  <div class="stack-trace">org.openqa.selenium.TimeoutException: Expected condition failed: waiting for url to contain &quot;https://demo.nopcommerce.com/iphone-6&quot;. Current url: &quot;https://demo.nopcommerce.com/&quot; (tried for 10 second(s) with 500 milliseconds interval)
Build info: version: &apos;4.25.0&apos;, revision: &apos;8a8aea2337&apos;
System info: os.name: &apos;Windows 11&apos;, os.arch: &apos;amd64&apos;, os.version: &apos;10.0&apos;, java.version: &apos;21.0.1&apos;
Driver info: org.openqa.selenium.edge.EdgeDriver
Capabilities {acceptInsecureCerts: false, browserName: MicrosoftEdge, browserVersion: 131.0.2903.86, fedcm:accounts: true, ms:edgeOptions: {debuggerAddress: localhost:51793}, msedge: {msedgedriverVersion: 130.0.2849.46 (bf1f0130f43a..., userDataDir: C:\Users\Lenovo\AppData\Loc...}, networkConnectionEnabled: false, pageLoadStrategy: normal, platformName: windows, proxy: Proxy(), se:cdp: ws://localhost:51793/devtoo..., se:cdpVersion: 131.0.2903.86, setWindowRect: true, strictFileInteractability: false, timeouts: {implicit: 0, pageLoad: 300000, script: 30000}, unhandledPromptBehavior: dismiss and notify, webauthn:extension:credBlob: true, webauthn:extension:largeBlob: true, webauthn:extension:minPinLength: true, webauthn:extension:prf: true, webauthn:virtualAuthenticators: true}
Session ID: 241d01208564ab443a977f24c8ee9ce9
	at org.openqa.selenium.support.ui.WebDriverWait.timeoutException(WebDriverWait.java:84)
	at org.openqa.selenium.support.ui.FluentWait.until(FluentWait.java:228)
	at org.example.StepDefinitions.D06_homeSlidersStepDef.user_should_be_directed_to(D06_homeSlidersStepDef.java:35)
	at ✽.user should be directed to &quot;https://demo.nopcommerce.com/iphone-6&quot;(file:///E:/demonopcommerce/src/test/resources/Features/F06_homeSliders.feature:14)

</div> <!-- stack-trace -->
                  <em>
(Runs Cucumber Scenarios)                  </em>
                </div> <!-- method-content -->
              </div> <!-- method -->
              <div class="method">
                <div class="method-content">
                  <a name="runScenario(&quot;User could search using SKU&quot;, &quot;Search functionality on the website&quot;)">
                  </a> <!-- runScenario("User could search using SKU", "Search functionality on the website") -->
                  <span class="method-name">runScenario</span>
                  <span class="parameters">("User could search using SKU","Search functionality on the website")</span>
                  <div class="stack-trace">java.lang.AssertionError: The following asserts failed:
	Displayed SKU does not match the searched SKU expected [true] but found [false]
	at org.example.StepDefinitions.D04_searchStepDef.the_product_sku_should_match_the_search_sku(D04_searchStepDef.java:80)
	at ✽.the product SKU should match the search SKU &quot;SCI_FAITH&quot;(file:///E:/demonopcommerce/src/test/resources/Features/F04_Search.feature:20)
... Removed 2 stack frames
</div> <!-- stack-trace -->
                  <em>
(Runs Cucumber Scenarios)                  </em>
                </div> <!-- method-content -->
              </div> <!-- method -->
              <div class="method">
                <div class="method-content">
                  <a name="runScenario(&quot;User opens RSS link&quot;, &quot;F07_followUs | Users could open followUs links&quot;)">
                  </a> <!-- runScenario("User opens RSS link", "F07_followUs | Users could open followUs links") -->
                  <span class="method-name">runScenario</span>
                  <span class="parameters">("User opens RSS link","F07_followUs | Users could open followUs links")</span>
                  <div class="stack-trace">java.lang.IndexOutOfBoundsException: Index 1 out of bounds for length 1
	at java.base/jdk.internal.util.Preconditions.outOfBounds(Preconditions.java:100)
	at java.base/jdk.internal.util.Preconditions.outOfBoundsCheckIndex(Preconditions.java:106)
	at java.base/jdk.internal.util.Preconditions.checkIndex(Preconditions.java:302)
	at java.base/java.util.Objects.checkIndex(Objects.java:385)
	at java.base/java.util.ArrayList.get(ArrayList.java:427)
	at org.example.StepDefinitions.D07_followUsStepDef.is_opened_in_a_new_tab(D07_followUsStepDef.java:48)
	at ✽.&quot;https://demo.nopcommerce.com/new-online-store-is-open&quot; is opened in a new tab(file:///E:/demonopcommerce/src/test/resources/Features/F07_followUs.feature:17)

</div> <!-- stack-trace -->
                  <em>
(Runs Cucumber Scenarios)                  </em>
                </div> <!-- method-content -->
              </div> <!-- method -->
              <div class="method">
                <div class="method-content">
                  <a name="runScenario(&quot;First slider is clickable on home page&quot;, &quot;Home Sliders&quot;)">
                  </a> <!-- runScenario("First slider is clickable on home page", "Home Sliders") -->
                  <span class="method-name">runScenario</span>
                  <span class="parameters">("First slider is clickable on home page","Home Sliders")</span>
                  <div class="stack-trace">org.openqa.selenium.TimeoutException: Expected condition failed: waiting for url to contain &quot;https://demo.nopcommerce.com/nokia-lumia-1020&quot;. Current url: &quot;https://demo.nopcommerce.com/&quot; (tried for 10 second(s) with 500 milliseconds interval)
Build info: version: &apos;4.25.0&apos;, revision: &apos;8a8aea2337&apos;
System info: os.name: &apos;Windows 11&apos;, os.arch: &apos;amd64&apos;, os.version: &apos;10.0&apos;, java.version: &apos;21.0.1&apos;
Driver info: org.openqa.selenium.edge.EdgeDriver
Capabilities {acceptInsecureCerts: false, browserName: MicrosoftEdge, browserVersion: 131.0.2903.86, fedcm:accounts: true, ms:edgeOptions: {debuggerAddress: localhost:51763}, msedge: {msedgedriverVersion: 130.0.2849.46 (bf1f0130f43a..., userDataDir: C:\Users\Lenovo\AppData\Loc...}, networkConnectionEnabled: false, pageLoadStrategy: normal, platformName: windows, proxy: Proxy(), se:cdp: ws://localhost:51763/devtoo..., se:cdpVersion: 131.0.2903.86, setWindowRect: true, strictFileInteractability: false, timeouts: {implicit: 0, pageLoad: 300000, script: 30000}, unhandledPromptBehavior: dismiss and notify, webauthn:extension:credBlob: true, webauthn:extension:largeBlob: true, webauthn:extension:minPinLength: true, webauthn:extension:prf: true, webauthn:virtualAuthenticators: true}
Session ID: d94005abf8b85066cb5eb38c395b78bc
	at org.openqa.selenium.support.ui.WebDriverWait.timeoutException(WebDriverWait.java:84)
	at org.openqa.selenium.support.ui.FluentWait.until(FluentWait.java:228)
	at org.example.StepDefinitions.D06_homeSlidersStepDef.user_should_be_directed_to(D06_homeSlidersStepDef.java:35)
	at ✽.user should be directed to &quot;https://demo.nopcommerce.com/nokia-lumia-1020&quot;(file:///E:/demonopcommerce/src/test/resources/Features/F06_homeSliders.feature:8)

</div> <!-- stack-trace -->
                  <em>
(Runs Cucumber Scenarios)                  </em>
                </div> <!-- method-content -->
              </div> <!-- method -->
              <div class="method">
                <div class="method-content">
                  <a name="runScenario(&quot;Hover on a main category and select a sub-category&quot;, &quot;F05_hoverCategories | Hover on main category ...)">
                  </a> <!-- runScenario("Hover on a main category and select a sub-category", "F05_hoverCategories | Hover on main category ...) -->
                  <span class="method-name">runScenario</span>
                  <span class="parameters">("Hover on a main category and select a sub-category","F05_hoverCategories | Hover on main category and click on sub-category")</span>
                  <div class="stack-trace">java.lang.IndexOutOfBoundsException: Index 3 out of bounds for length 3
	at java.base/jdk.internal.util.Preconditions.outOfBounds(Preconditions.java:100)
	at java.base/jdk.internal.util.Preconditions.outOfBoundsCheckIndex(Preconditions.java:106)
	at java.base/jdk.internal.util.Preconditions.checkIndex(Preconditions.java:302)
	at java.base/java.util.Objects.checkIndex(Objects.java:385)
	at java.base/java.util.ArrayList.get(ArrayList.java:427)
	at org.example.Pages.P03_homePage.selectRandomSubCategory(P03_homePage.java:267)
	at org.example.StepDefinitions.D05_hoverCategoriesStepDef.user_clicks_on_a_random_sub_category(D05_hoverCategoriesStepDef.java:37)
	at ✽.user clicks on a random sub-category(file:///E:/demonopcommerce/src/test/resources/Features/F05_hoverCategories.feature:6)

</div> <!-- stack-trace -->
                  <em>
(Runs Cucumber Scenarios)                  </em>
                </div> <!-- method-content -->
              </div> <!-- method -->
              <div class="method">
                <div class="method-content">
                  <a name="runScenario(&quot;User could search using SKU&quot;, &quot;Search functionality on the website&quot;)">
                  </a> <!-- runScenario("User could search using SKU", "Search functionality on the website") -->
                  <span class="method-name">runScenario</span>
                  <span class="parameters">("User could search using SKU","Search functionality on the website")</span>
                  <div class="stack-trace">java.lang.AssertionError: The following asserts failed:
	Displayed SKU does not match the searched SKU expected [true] but found [false]
	at org.example.StepDefinitions.D04_searchStepDef.the_product_sku_should_match_the_search_sku(D04_searchStepDef.java:80)
	at ✽.the product SKU should match the search SKU &quot;APPLE_CAM&quot;(file:///E:/demonopcommerce/src/test/resources/Features/F04_Search.feature:20)
... Removed 2 stack frames
</div> <!-- stack-trace -->
                  <em>
(Runs Cucumber Scenarios)                  </em>
                </div> <!-- method-content -->
              </div> <!-- method -->
            </div> <!-- main-panel-content rounded-window-bottom -->
          </div> <!-- suite-Surefire_suite-class-failed -->
          <div class="suite-Surefire_suite-class-passed">
            <div class="main-panel-header rounded-window-top">
              <img src="passed.png"/>
              <span class="class-name">org.example.Runners.testRunner</span>
            </div> <!-- main-panel-header rounded-window-top -->
            <div class="main-panel-content rounded-window-bottom">
              <div class="method">
                <div class="method-content">
                  <a name="runScenario(&quot;Verify that Euro currency is displayed on all products&quot;, &quot;F03_Currencies | users can change the cur...)">
                  </a> <!-- runScenario("Verify that Euro currency is displayed on all products", "F03_Currencies | users can change the cur...) -->
                  <span class="method-name">runScenario</span>
                  <span class="parameters">("Verify that Euro currency is displayed on all products","F03_Currencies | users can change the currency and verify it on the homepage")</span>
                  <em>
(Runs Cucumber Scenarios)                  </em>
                </div> <!-- method-content -->
              </div> <!-- method -->
              <div class="method">
                <div class="method-content">
                  <a name="runScenario(&quot;User opens Facebook link&quot;, &quot;F07_followUs | Users could open followUs links&quot;)">
                  </a> <!-- runScenario("User opens Facebook link", "F07_followUs | Users could open followUs links") -->
                  <span class="method-name">runScenario</span>
                  <span class="parameters">("User opens Facebook link","F07_followUs | Users could open followUs links")</span>
                  <em>
(Runs Cucumber Scenarios)                  </em>
                </div> <!-- method-content -->
              </div> <!-- method -->
              <div class="method">
                <div class="method-content">
                  <a name="runScenario(&quot;User opens YouTube link&quot;, &quot;F07_followUs | Users could open followUs links&quot;)">
                  </a> <!-- runScenario("User opens YouTube link", "F07_followUs | Users could open followUs links") -->
                  <span class="method-name">runScenario</span>
                  <span class="parameters">("User opens YouTube link","F07_followUs | Users could open followUs links")</span>
                  <em>
(Runs Cucumber Scenarios)                  </em>
                </div> <!-- method-content -->
              </div> <!-- method -->
              <div class="method">
                <div class="method-content">
                  <a name="runScenario(&quot;User could search using product name&quot;, &quot;Search functionality on the website&quot;)">
                  </a> <!-- runScenario("User could search using product name", "Search functionality on the website") -->
                  <span class="method-name">runScenario</span>
                  <span class="parameters">("User could search using product name","Search functionality on the website")</span>
                  <em>
(Runs Cucumber Scenarios)                  </em>
                </div> <!-- method-content -->
              </div> <!-- method -->
              <div class="method">
                <div class="method-content">
                  <a name="runScenario(&quot;User opens Twitter link&quot;, &quot;F07_followUs | Users could open followUs links&quot;)">
                  </a> <!-- runScenario("User opens Twitter link", "F07_followUs | Users could open followUs links") -->
                  <span class="method-name">runScenario</span>
                  <span class="parameters">("User opens Twitter link","F07_followUs | Users could open followUs links")</span>
                  <em>
(Runs Cucumber Scenarios)                  </em>
                </div> <!-- method-content -->
              </div> <!-- method -->
              <div class="method">
                <div class="method-content">
                  <a name="runScenario(&quot;User could search using product name&quot;, &quot;Search functionality on the website&quot;)">
                  </a> <!-- runScenario("User could search using product name", "Search functionality on the website") -->
                  <span class="method-name">runScenario</span>
                  <span class="parameters">("User could search using product name","Search functionality on the website")</span>
                  <em>
(Runs Cucumber Scenarios)                  </em>
                </div> <!-- method-content -->
              </div> <!-- method -->
              <div class="method">
                <div class="method-content">
                  <a name="runScenario(&quot;User could search using product name&quot;, &quot;Search functionality on the website&quot;)">
                  </a> <!-- runScenario("User could search using product name", "Search functionality on the website") -->
                  <span class="method-name">runScenario</span>
                  <span class="parameters">("User could search using product name","Search functionality on the website")</span>
                  <em>
(Runs Cucumber Scenarios)                  </em>
                </div> <!-- method-content -->
              </div> <!-- method -->
            </div> <!-- main-panel-content rounded-window-bottom -->
          </div> <!-- suite-Surefire_suite-class-passed -->
        </div> <!-- panel Surefire_suite -->
        <div panel-name="test-xml-Surefire_suite" class="panel">
          <div class="main-panel-header rounded-window-top">
          </div> <!-- main-panel-header rounded-window-top -->
          <div class="main-panel-content rounded-window-bottom">
            <pre>
&lt;?xml version=&quot;1.0&quot; encoding=&quot;UTF-8&quot;?&gt;
&lt;!DOCTYPE suite SYSTEM &quot;https://testng.org/testng-1.0.dtd&quot;&gt;
&lt;suite thread-count=&quot;1&quot; name=&quot;Surefire suite&quot; verbose=&quot;0&quot;&gt;
  &lt;test thread-count=&quot;1&quot; name=&quot;Surefire test&quot; verbose=&quot;0&quot;&gt;
    &lt;classes&gt;
      &lt;class name=&quot;org.example.Runners.testRunner&quot;/&gt;
    &lt;/classes&gt;
  &lt;/test&gt; &lt;!-- Surefire test --&gt;
&lt;/suite&gt; &lt;!-- Surefire suite --&gt;
            </pre>
          </div> <!-- main-panel-content rounded-window-bottom -->
        </div> <!-- panel -->
        <div panel-name="testlist-Surefire_suite" class="panel">
          <div class="main-panel-header rounded-window-top">
            <span class="header-content">Tests for Surefire suite</span>
          </div> <!-- main-panel-header rounded-window-top -->
          <div class="main-panel-content rounded-window-bottom">
            <ul>
              <li>
                <span class="test-name">Surefire test (1 class)</span>
              </li>
            </ul>
          </div> <!-- main-panel-content rounded-window-bottom -->
        </div> <!-- panel -->
        <div panel-name="group-Surefire_suite" class="panel">
          <div class="main-panel-header rounded-window-top">
            <span class="header-content">Groups for Surefire suite</span>
          </div> <!-- main-panel-header rounded-window-top -->
          <div class="main-panel-content rounded-window-bottom">
            <div class="test-group">
              <span class="test-group-name">cucumber</span>
              <br/>
              <div class="method-in-group">
                <span class="method-in-group-name">runScenario</span>
                <br/>
              </div> <!-- method-in-group -->
            </div> <!-- test-group -->
          </div> <!-- main-panel-content rounded-window-bottom -->
        </div> <!-- panel -->
        <div panel-name="times-Surefire_suite" class="panel">
          <div class="main-panel-header rounded-window-top">
            <span class="header-content">Times for Surefire suite</span>
          </div> <!-- main-panel-header rounded-window-top -->
          <div class="main-panel-content rounded-window-bottom">
            <div class="times-div">
              <script type="text/javascript">
suiteTableInitFunctions.push('tableData_Surefire_suite');
function tableData_Surefire_suite() {
var data = new google.visualization.DataTable();
data.addColumn('number', 'Number');
data.addColumn('string', 'Method');
data.addColumn('string', 'Class');
data.addColumn('number', 'Time (ms)');
data.addRows(19);
data.setCell(0, 0, 0)
data.setCell(0, 1, 'runScenario')
data.setCell(0, 2, 'org.example.Runners.testRunner')
data.setCell(0, 3, 18795);
data.setCell(1, 0, 1)
data.setCell(1, 1, 'runScenario')
data.setCell(1, 2, 'org.example.Runners.testRunner')
data.setCell(1, 3, 18619);
data.setCell(2, 0, 2)
data.setCell(2, 1, 'runScenario')
data.setCell(2, 2, 'org.example.Runners.testRunner')
data.setCell(2, 3, 15190);
data.setCell(3, 0, 3)
data.setCell(3, 1, 'runScenario')
data.setCell(3, 2, 'org.example.Runners.testRunner')
data.setCell(3, 3, 14785);
data.setCell(4, 0, 4)
data.setCell(4, 1, 'runScenario')
data.setCell(4, 2, 'org.example.Runners.testRunner')
data.setCell(4, 3, 14127);
data.setCell(5, 0, 5)
data.setCell(5, 1, 'runScenario')
data.setCell(5, 2, 'org.example.Runners.testRunner')
data.setCell(5, 3, 10475);
data.setCell(6, 0, 6)
data.setCell(6, 1, 'runScenario')
data.setCell(6, 2, 'org.example.Runners.testRunner')
data.setCell(6, 3, 9918);
data.setCell(7, 0, 7)
data.setCell(7, 1, 'runScenario')
data.setCell(7, 2, 'org.example.Runners.testRunner')
data.setCell(7, 3, 9752);
data.setCell(8, 0, 8)
data.setCell(8, 1, 'runScenario')
data.setCell(8, 2, 'org.example.Runners.testRunner')
data.setCell(8, 3, 9641);
data.setCell(9, 0, 9)
data.setCell(9, 1, 'runScenario')
data.setCell(9, 2, 'org.example.Runners.testRunner')
data.setCell(9, 3, 9221);
data.setCell(10, 0, 10)
data.setCell(10, 1, 'runScenario')
data.setCell(10, 2, 'org.example.Runners.testRunner')
data.setCell(10, 3, 9181);
data.setCell(11, 0, 11)
data.setCell(11, 1, 'runScenario')
data.setCell(11, 2, 'org.example.Runners.testRunner')
data.setCell(11, 3, 8238);
data.setCell(12, 0, 12)
data.setCell(12, 1, 'runScenario')
data.setCell(12, 2, 'org.example.Runners.testRunner')
data.setCell(12, 3, 7518);
data.setCell(13, 0, 13)
data.setCell(13, 1, 'runScenario')
data.setCell(13, 2, 'org.example.Runners.testRunner')
data.setCell(13, 3, 7132);
data.setCell(14, 0, 14)
data.setCell(14, 1, 'runScenario')
data.setCell(14, 2, 'org.example.Runners.testRunner')
data.setCell(14, 3, 6790);
data.setCell(15, 0, 15)
data.setCell(15, 1, 'runScenario')
data.setCell(15, 2, 'org.example.Runners.testRunner')
data.setCell(15, 3, 6747);
data.setCell(16, 0, 16)
data.setCell(16, 1, 'runScenario')
data.setCell(16, 2, 'org.example.Runners.testRunner')
data.setCell(16, 3, 5686);
data.setCell(17, 0, 17)
data.setCell(17, 1, 'runScenario')
data.setCell(17, 2, 'org.example.Runners.testRunner')
data.setCell(17, 3, 5411);
data.setCell(18, 0, 18)
data.setCell(18, 1, 'runScenario')
data.setCell(18, 2, 'org.example.Runners.testRunner')
data.setCell(18, 3, 4677);
window.suiteTableData['Surefire_suite']= { tableData: data, tableDiv: 'times-div-Surefire_suite'}
return data;
}
              </script>
              <span class="suite-total-time">Total running time: 3 minutes</span>
              <div id="times-div-Surefire_suite">
              </div> <!-- times-div-Surefire_suite -->
            </div> <!-- times-div -->
          </div> <!-- main-panel-content rounded-window-bottom -->
        </div> <!-- panel -->
        <div panel-name="reporter-Surefire_suite" class="panel">
          <div class="main-panel-header rounded-window-top">
            <span class="header-content">Reporter output for Surefire suite</span>
          </div> <!-- main-panel-header rounded-window-top -->
          <div class="main-panel-content rounded-window-bottom">
          </div> <!-- main-panel-content rounded-window-bottom -->
        </div> <!-- panel -->
        <div panel-name="ignored-methods-Surefire_suite" class="panel">
          <div class="main-panel-header rounded-window-top">
            <span class="header-content">0 ignored methods</span>
          </div> <!-- main-panel-header rounded-window-top -->
          <div class="main-panel-content rounded-window-bottom">
          </div> <!-- main-panel-content rounded-window-bottom -->
        </div> <!-- panel -->
        <div panel-name="chronological-Surefire_suite" class="panel">
          <div class="main-panel-header rounded-window-top">
            <span class="header-content">Methods in chronological order</span>
          </div> <!-- main-panel-header rounded-window-top -->
          <div class="main-panel-content rounded-window-bottom">
            <div class="chronological-class">
              <div class="chronological-class-name">org.example.Runners.testRunner</div> <!-- chronological-class-name -->
              <div class="configuration-class before">
                <span class="method-name">setUpClass(org.testng.TestRunner@217235f5)</span>
                <span class="method-start">0 ms</span>
              </div> <!-- configuration-class before -->
              <div class="test-method">
                <img src="failed.png">
                </img>
                <span class="method-name">runScenario("Success registration", "Registration Feature users could register with new accounts")</span>
                <span class="method-start">346 ms</span>
              </div> <!-- test-method -->
              <div class="test-method">
                <img src="failed.png">
                </img>
                <span class="method-name">runScenario("User success login", "Login Feature")</span>
                <span class="method-start">14478 ms</span>
              </div> <!-- test-method -->
              <div class="test-method">
                <img src="failed.png">
                </img>
                <span class="method-name">runScenario("User success login", "Login Feature")</span>
                <span class="method-start">21269 ms</span>
              </div> <!-- test-method -->
              <div class="test-method">
                <span class="method-name">runScenario("Verify that Euro currency is displayed on all products", "F03_Currencies | users can change the cur...)</span>
                <span class="method-start">26955 ms</span>
              </div> <!-- test-method -->
              <div class="test-method">
                <span class="method-name">runScenario("User could search using product name", "Search functionality on the website")</span>
                <span class="method-start">31633 ms</span>
              </div> <!-- test-method -->
              <div class="test-method">
                <span class="method-name">runScenario("User could search using product name", "Search functionality on the website")</span>
                <span class="method-start">41385 ms</span>
              </div> <!-- test-method -->
              <div class="test-method">
                <span class="method-name">runScenario("User could search using product name", "Search functionality on the website")</span>
                <span class="method-start">50606 ms</span>
              </div> <!-- test-method -->
              <div class="test-method">
                <img src="failed.png">
                </img>
                <span class="method-name">runScenario("User could search using SKU", "Search functionality on the website")</span>
                <span class="method-start">59787 ms</span>
              </div> <!-- test-method -->
              <div class="test-method">
                <img src="failed.png">
                </img>
                <span class="method-name">runScenario("User could search using SKU", "Search functionality on the website")</span>
                <span class="method-start">69706 ms</span>
              </div> <!-- test-method -->
              <div class="test-method">
                <img src="failed.png">
                </img>
                <span class="method-name">runScenario("User could search using SKU", "Search functionality on the website")</span>
                <span class="method-start">80181 ms</span>
              </div> <!-- test-method -->
              <div class="test-method">
                <img src="failed.png">
                </img>
                <span class="method-name">runScenario("Hover on a main category and select a sub-category", "F05_hoverCategories | Hover on main category ...)</span>
                <span class="method-start">86929 ms</span>
              </div> <!-- test-method -->
              <div class="test-method">
                <img src="failed.png">
                </img>
                <span class="method-name">runScenario("First slider is clickable on home page", "Home Sliders")</span>
                <span class="method-start">92340 ms</span>
              </div> <!-- test-method -->
              <div class="test-method">
                <img src="failed.png">
                </img>
                <span class="method-name">runScenario("Second slider is clickable on home page", "Home Sliders")</span>
                <span class="method-start">110960 ms</span>
              </div> <!-- test-method -->
              <div class="test-method">
                <span class="method-name">runScenario("User opens Facebook link", "F07_followUs | Users could open followUs links")</span>
                <span class="method-start">129756 ms</span>
              </div> <!-- test-method -->
              <div class="test-method">
                <span class="method-name">runScenario("User opens Twitter link", "F07_followUs | Users could open followUs links")</span>
                <span class="method-start">136888 ms</span>
              </div> <!-- test-method -->
              <div class="test-method">
                <img src="failed.png">
                </img>
                <span class="method-name">runScenario("User opens RSS link", "F07_followUs | Users could open followUs links")</span>
                <span class="method-start">145127 ms</span>
              </div> <!-- test-method -->
              <div class="test-method">
                <span class="method-name">runScenario("User opens YouTube link", "F07_followUs | Users could open followUs links")</span>
                <span class="method-start">152646 ms</span>
              </div> <!-- test-method -->
              <div class="test-method">
                <img src="failed.png">
                </img>
                <span class="method-name">runScenario("Verify success message and green background color after adding to wishlist", "F08_Wishlist | Users ...)</span>
                <span class="method-start">162287 ms</span>
              </div> <!-- test-method -->
              <div class="test-method">
                <img src="failed.png">
                </img>
                <span class="method-name">runScenario("Verify wishlist quantity after adding a product", "F08_Wishlist | Users can add products to wishlis...)</span>
                <span class="method-start">177478 ms</span>
              </div> <!-- test-method -->
              <div class="configuration-class after">
                <span class="method-name">tearDownClass</span>
                <span class="method-start">192266 ms</span>
              </div> <!-- configuration-class after -->
          </div> <!-- main-panel-content rounded-window-bottom -->
        </div> <!-- panel -->
      </div> <!-- main-panel-root -->
    </div> <!-- wrapper -->
  </body>
<script type="text/javascript" src="testng-reports2.js"></script>
</html>
